app/build/intermediates/manifest_merge_blame_file/debug/manifest-merger-blame-debug-report.txt
1<?xml version="1.0" encoding="utf-8"?>
2<manifest xmlns:android="http://schemas.android.com/apk/res/android"
3    package="ml.asvsharma.oscilloscopeapp"
4    android:versionCode="1"
5    android:versionName="1.0" >
6
7    <uses-sdk
8        android:minSdkVersion="21"
8-->src\main\AndroidManifest.xml
9        android:targetSdkVersion="29" />
9-->src\main\AndroidManifest.xml
10
11    <uses-permission android:name="android.permission.BLUETOOTH" />
11-->src\main\AndroidManifest.xml:8:5-68
11-->src\main\AndroidManifest.xml:8:22-65
12    <uses-permission android:name="android.permission.BLUETOOTH_ADMIN" />
12-->src\main\AndroidManifest.xml:9:5-74
12-->src\main\AndroidManifest.xml:9:22-71
13    <uses-permission android:name="android.permission.VIBRATE" />
13-->src\main\AndroidManifest.xml:10:5-66
13-->src\main\AndroidManifest.xml:10:22-63
14
15    <application
15-->src\main\AndroidManifest.xml:12:5-32:19
16        android:allowBackup="true"
16-->src\main\AndroidManifest.xml:13:9-35
17        android:appComponentFactory="androidx.core.app.CoreComponentFactory"
17-->[androidx.core:core:1.3.0] AndroidManifest.xml:24:18-86
18        android:debuggable="true"
19        android:icon="@mipmap/ic_launcher"
19-->src\main\AndroidManifest.xml:14:9-43
20        android:label="@string/app_name"
20-->src\main\AndroidManifest.xml:15:9-41
21        android:roundIcon="@mipmap/ic_launcher_round"
21-->src\main\AndroidManifest.xml:16:9-54
22        android:supportsRtl="true"
22-->src\main\AndroidManifest.xml:17:9-35
23        android:testOnly="true"
24        android:theme="@style/AppTheme" >
24-->src\main\AndroidManifest.xml:18:9-40
25        <activity android:name="ml.asvsharma.oscilloscopeapp.BluetoothDevicesActivity" >
25-->src\main\AndroidManifest.xml:20:9-26:20
25-->src\main\AndroidManifest.xml:20:19-59
26            <intent-filter>
26-->src\main\AndroidManifest.xml:21:13-25:29
27                <action android:name="android.intent.action.MAIN" />
27-->src\main\AndroidManifest.xml:22:17-69
27-->src\main\AndroidManifest.xml:22:25-66
28
29                <category android:name="android.intent.category.LAUNCHER" />
29-->src\main\AndroidManifest.xml:24:17-77
29-->src\main\AndroidManifest.xml:24:27-74
30            </intent-filter>
31        </activity>
32        <activity
32-->src\main\AndroidManifest.xml:27:9-31:20
33            android:name="ml.asvsharma.oscilloscopeapp.OscilloscopeActivity"
33-->src\main\AndroidManifest.xml:28:13-49
34            android:screenOrientation="landscape" >
34-->src\main\AndroidManifest.xml:29:13-50
35        </activity>
36    </application>
37
38</manifest>